<?xml version="1.0" encoding="UTF-8"?>
<!-- Generated by org.testng.reporters.JUnitReportReporter -->
<testsuite hostname="LAPTOP-FMOEUIDI" failures="0" tests="1" name="recipeHackathon.DiabetesTraverse" time="2553.908" errors="0" timestamp="2023-04-23T18:53:18 EDT" skipped="0">
  <testcase classname="recipeHackathon.DiabetesTraverse" name="LoadRecipesToExcel" time="2553.908"/>
  <system-out/>
</testsuite> <!-- recipeHackathon.DiabetesTraverse -->
