<?xml version="1.0" encoding="UTF-8"?>
<!-- Generated by org.testng.reporters.JUnitReportReporter -->
<testsuite hostname="LAPTOP-FMOEUIDI" failures="0" tests="1" name="recipeHackathon.HypertensionTraverse" time="697.169" errors="0" timestamp="2023-04-23T20:48:27 EDT" skipped="0">
  <testcase classname="recipeHackathon.HypertensionTraverse" name="LoadRecipesToExcel" time="697.169"/>
  <system-out/>
</testsuite> <!-- recipeHackathon.HypertensionTraverse -->
