<?xml version="1.0" encoding="UTF-8"?>
<!-- Generated by org.testng.reporters.JUnitReportReporter -->
<testsuite hostname="LAPTOP-FMOEUIDI" failures="0" tests="1" name="recipeHackathon.scrapingDiabetes" time="0.360" errors="0" timestamp="2023-04-22T15:57:54 EDT" skipped="0">
  <testcase classname="recipeHackathon.scrapingDiabetes" name="scrapePage" time="0.360"/>
  <system-out/>
</testsuite> <!-- recipeHackathon.scrapingDiabetes -->
