<?xml version="1.0" encoding="UTF-8"?>
<!-- Generated by org.testng.reporters.JUnitReportReporter -->
<testsuite hostname="LAPTOP-FMOEUIDI" failures="0" tests="1" name="recipeHackathon.DiabetesExcel" time="0.198" errors="0" timestamp="2023-04-21T14:43:27 EDT" skipped="0">
  <testcase classname="recipeHackathon.DiabetesExcel" name="testRecipe" time="0.198"/>
  <system-out/>
</testsuite> <!-- recipeHackathon.DiabetesExcel -->
